<?xml version="1.0" encoding="UTF-8"?>
<!-- Generated by org.testng.reporters.JUnitReportReporter -->
<testsuite hostname="LAPTOP-KLIE8R0M" failures="0" tests="5" name="testRunner.TestRunner" time="0.185" errors="0" timestamp="2023-07-16T21:42:30 IST" skipped="0">
  <testcase classname="testRunner.TestRunner" name="runScenario" time="0.009"/>
  <system-out/>
  <testcase classname="testRunner.TestRunner" name="runScenario" time="0.148"/>
  <system-out/>
  <testcase classname="testRunner.TestRunner" name="runScenario" time="0.008"/>
  <system-out/>
  <testcase classname="testRunner.TestRunner" name="runScenario" time="0.010"/>
  <system-out/>
  <testcase classname="testRunner.TestRunner" name="runScenario" time="0.010"/>
  <system-out/>
</testsuite> <!-- testRunner.TestRunner -->
